[0.888s] Invoking command in '/home/sarath/micronav_ws/src/serial_controller': PYTHONPATH=/home/sarath/micronav_ws/build/serial_controller/prefix_override:/home/sarath/micronav_ws/install/serial_controller/lib/python3.10/site-packages:${PYTHONPATH} /usr/bin/python3 -W ignore:setup.py install is deprecated setup.py egg_info --egg-base ../../build/serial_controller build --build-base /home/sarath/micronav_ws/build/serial_controller/build install --record /home/sarath/micronav_ws/build/serial_controller/install.log --single-version-externally-managed install_data
[1.135s] running egg_info
[1.136s] writing ../../build/serial_controller/serial_controller.egg-info/PKG-INFO
[1.136s] writing dependency_links to ../../build/serial_controller/serial_controller.egg-info/dependency_links.txt
[1.136s] writing entry points to ../../build/serial_controller/serial_controller.egg-info/entry_points.txt
[1.136s] writing requirements to ../../build/serial_controller/serial_controller.egg-info/requires.txt
[1.136s] writing top-level names to ../../build/serial_controller/serial_controller.egg-info/top_level.txt
[1.137s] reading manifest file '../../build/serial_controller/serial_controller.egg-info/SOURCES.txt'
[1.138s] writing manifest file '../../build/serial_controller/serial_controller.egg-info/SOURCES.txt'
[1.138s] running build
[1.139s] running build_py
[1.139s] copying serial_controller/serial_node.py -> /home/sarath/micronav_ws/build/serial_controller/build/lib/serial_controller
[1.139s] running install
[1.139s] running install_lib
[1.140s] copying /home/sarath/micronav_ws/build/serial_controller/build/lib/serial_controller/serial_node.py -> /home/sarath/micronav_ws/install/serial_controller/lib/python3.10/site-packages/serial_controller
[1.140s] byte-compiling /home/sarath/micronav_ws/install/serial_controller/lib/python3.10/site-packages/serial_controller/serial_node.py to serial_node.cpython-310.pyc
[1.140s] running install_data
[1.141s] running install_egg_info
[1.142s] removing '/home/sarath/micronav_ws/install/serial_controller/lib/python3.10/site-packages/serial_controller-0.0.0-py3.10.egg-info' (and everything under it)
[1.142s] Copying ../../build/serial_controller/serial_controller.egg-info to /home/sarath/micronav_ws/install/serial_controller/lib/python3.10/site-packages/serial_controller-0.0.0-py3.10.egg-info
[1.143s] running install_scripts
[1.167s] Installing serilcom script to /home/sarath/micronav_ws/install/serial_controller/lib/serial_controller
[1.167s] writing list of installed files to '/home/sarath/micronav_ws/build/serial_controller/install.log'
[1.200s] Invoked command in '/home/sarath/micronav_ws/src/serial_controller' returned '0': PYTHONPATH=/home/sarath/micronav_ws/build/serial_controller/prefix_override:/home/sarath/micronav_ws/install/serial_controller/lib/python3.10/site-packages:${PYTHONPATH} /usr/bin/python3 -W ignore:setup.py install is deprecated setup.py egg_info --egg-base ../../build/serial_controller build --build-base /home/sarath/micronav_ws/build/serial_controller/build install --record /home/sarath/micronav_ws/build/serial_controller/install.log --single-version-externally-managed install_data
