[0.476s] DEBUG:colcon:Command line arguments: ['/usr/bin/colcon', 'build']
[0.476s] DEBUG:colcon:Parsed command line arguments: Namespace(log_base=None, log_level=None, verb_name='build', build_base='build', install_base='install', merge_install=False, symlink_install=False, test_result_base=None, continue_on_error=False, executor='parallel', parallel_workers=8, event_handlers=None, ignore_user_meta=False, metas=['./colcon.meta'], base_paths=['.'], packages_ignore=None, packages_ignore_regex=None, paths=None, packages_up_to=None, packages_up_to_regex=None, packages_above=None, packages_above_and_dependencies=None, packages_above_depth=None, packages_select_by_dep=None, packages_skip_by_dep=None, packages_skip_up_to=None, packages_select_build_failed=False, packages_skip_build_finished=False, packages_select_test_failures=False, packages_skip_test_passed=False, packages_select=None, packages_skip=None, packages_select_regex=None, packages_skip_regex=None, packages_start=None, packages_end=None, allow_overriding=[], cmake_args=None, cmake_target=None, cmake_target_skip_unavailable=False, cmake_clean_cache=False, cmake_clean_first=False, cmake_force_configure=False, ament_cmake_args=None, catkin_cmake_args=None, catkin_skip_building_tests=False, verb_parser=<colcon_defaults.argument_parser.defaults.DefaultArgumentsDecorator object at 0x7f43a67941c0>, verb_extension=<colcon_core.verb.build.BuildVerb object at 0x7f43a69180a0>, main=<bound method BuildVerb.main of <colcon_core.verb.build.BuildVerb object at 0x7f43a69180a0>>)
[0.692s] Level 1:colcon.colcon_core.package_discovery:discover_packages(colcon_meta) check parameters
[0.692s] Level 1:colcon.colcon_core.package_discovery:discover_packages(recursive) check parameters
[0.692s] Level 1:colcon.colcon_core.package_discovery:discover_packages(ignore) check parameters
[0.692s] Level 1:colcon.colcon_core.package_discovery:discover_packages(path) check parameters
[0.692s] Level 1:colcon.colcon_core.package_discovery:discover_packages(colcon_meta) discover
[0.692s] Level 1:colcon.colcon_core.package_discovery:discover_packages(recursive) discover
[0.692s] INFO:colcon.colcon_core.package_discovery:Crawling recursively for packages in '/home/sarath/micronav_ws'
[0.692s] Level 1:colcon.colcon_core.package_identification:_identify(.) by extensions ['ignore', 'ignore_ament_install']
[0.692s] Level 1:colcon.colcon_core.package_identification:_identify(.) by extension 'ignore'
[0.693s] Level 1:colcon.colcon_core.package_identification:_identify(.) by extension 'ignore_ament_install'
[0.693s] Level 1:colcon.colcon_core.package_identification:_identify(.) by extensions ['colcon_pkg']
[0.693s] Level 1:colcon.colcon_core.package_identification:_identify(.) by extension 'colcon_pkg'
[0.693s] Level 1:colcon.colcon_core.package_identification:_identify(.) by extensions ['colcon_meta']
[0.693s] Level 1:colcon.colcon_core.package_identification:_identify(.) by extension 'colcon_meta'
[0.693s] Level 1:colcon.colcon_core.package_identification:_identify(.) by extensions ['ros']
[0.693s] Level 1:colcon.colcon_core.package_identification:_identify(.) by extension 'ros'
[0.708s] Level 1:colcon.colcon_core.package_identification:_identify(.) by extensions ['cmake', 'python']
[0.708s] Level 1:colcon.colcon_core.package_identification:_identify(.) by extension 'cmake'
[0.708s] Level 1:colcon.colcon_core.package_identification:_identify(.) by extension 'python'
[0.708s] Level 1:colcon.colcon_core.package_identification:_identify(.) by extensions ['python_setup_py']
[0.708s] Level 1:colcon.colcon_core.package_identification:_identify(.) by extension 'python_setup_py'
[0.709s] Level 1:colcon.colcon_core.package_identification:_identify(build) by extensions ['ignore', 'ignore_ament_install']
[0.709s] Level 1:colcon.colcon_core.package_identification:_identify(build) by extension 'ignore'
[0.709s] Level 1:colcon.colcon_core.package_identification:_identify(build) ignored
[0.709s] Level 1:colcon.colcon_core.package_identification:_identify(install) by extensions ['ignore', 'ignore_ament_install']
[0.709s] Level 1:colcon.colcon_core.package_identification:_identify(install) by extension 'ignore'
[0.709s] Level 1:colcon.colcon_core.package_identification:_identify(install) ignored
[0.710s] Level 1:colcon.colcon_core.package_identification:_identify(log) by extensions ['ignore', 'ignore_ament_install']
[0.710s] Level 1:colcon.colcon_core.package_identification:_identify(log) by extension 'ignore'
[0.710s] Level 1:colcon.colcon_core.package_identification:_identify(log) ignored
[0.710s] Level 1:colcon.colcon_core.package_identification:_identify(src) by extensions ['ignore', 'ignore_ament_install']
[0.710s] Level 1:colcon.colcon_core.package_identification:_identify(src) by extension 'ignore'
[0.710s] Level 1:colcon.colcon_core.package_identification:_identify(src) by extension 'ignore_ament_install'
[0.710s] Level 1:colcon.colcon_core.package_identification:_identify(src) by extensions ['colcon_pkg']
[0.710s] Level 1:colcon.colcon_core.package_identification:_identify(src) by extension 'colcon_pkg'
[0.710s] Level 1:colcon.colcon_core.package_identification:_identify(src) by extensions ['colcon_meta']
[0.711s] Level 1:colcon.colcon_core.package_identification:_identify(src) by extension 'colcon_meta'
[0.711s] Level 1:colcon.colcon_core.package_identification:_identify(src) by extensions ['ros']
[0.711s] Level 1:colcon.colcon_core.package_identification:_identify(src) by extension 'ros'
[0.711s] Level 1:colcon.colcon_core.package_identification:_identify(src) by extensions ['cmake', 'python']
[0.711s] Level 1:colcon.colcon_core.package_identification:_identify(src) by extension 'cmake'
[0.711s] Level 1:colcon.colcon_core.package_identification:_identify(src) by extension 'python'
[0.711s] Level 1:colcon.colcon_core.package_identification:_identify(src) by extensions ['python_setup_py']
[0.711s] Level 1:colcon.colcon_core.package_identification:_identify(src) by extension 'python_setup_py'
[0.711s] Level 1:colcon.colcon_core.package_identification:_identify(src/camera_controller) by extensions ['ignore', 'ignore_ament_install']
[0.711s] Level 1:colcon.colcon_core.package_identification:_identify(src/camera_controller) by extension 'ignore'
[0.711s] Level 1:colcon.colcon_core.package_identification:_identify(src/camera_controller) by extension 'ignore_ament_install'
[0.711s] Level 1:colcon.colcon_core.package_identification:_identify(src/camera_controller) by extensions ['colcon_pkg']
[0.711s] Level 1:colcon.colcon_core.package_identification:_identify(src/camera_controller) by extension 'colcon_pkg'
[0.711s] Level 1:colcon.colcon_core.package_identification:_identify(src/camera_controller) by extensions ['colcon_meta']
[0.711s] Level 1:colcon.colcon_core.package_identification:_identify(src/camera_controller) by extension 'colcon_meta'
[0.711s] Level 1:colcon.colcon_core.package_identification:_identify(src/camera_controller) by extensions ['ros']
[0.711s] Level 1:colcon.colcon_core.package_identification:_identify(src/camera_controller) by extension 'ros'
[0.716s] DEBUG:colcon.colcon_core.package_identification:Package 'src/camera_controller' with type 'ros.ament_python' and name 'camera_controller'
[0.716s] Level 1:colcon.colcon_core.package_identification:_identify(src/serial_controller) by extensions ['ignore', 'ignore_ament_install']
[0.717s] Level 1:colcon.colcon_core.package_identification:_identify(src/serial_controller) by extension 'ignore'
[0.717s] Level 1:colcon.colcon_core.package_identification:_identify(src/serial_controller) by extension 'ignore_ament_install'
[0.717s] Level 1:colcon.colcon_core.package_identification:_identify(src/serial_controller) by extensions ['colcon_pkg']
[0.717s] Level 1:colcon.colcon_core.package_identification:_identify(src/serial_controller) by extension 'colcon_pkg'
[0.717s] Level 1:colcon.colcon_core.package_identification:_identify(src/serial_controller) by extensions ['colcon_meta']
[0.717s] Level 1:colcon.colcon_core.package_identification:_identify(src/serial_controller) by extension 'colcon_meta'
[0.717s] Level 1:colcon.colcon_core.package_identification:_identify(src/serial_controller) by extensions ['ros']
[0.717s] Level 1:colcon.colcon_core.package_identification:_identify(src/serial_controller) by extension 'ros'
[0.719s] DEBUG:colcon.colcon_core.package_identification:Package 'src/serial_controller' with type 'ros.ament_python' and name 'serial_controller'
[0.719s] Level 1:colcon.colcon_core.package_discovery:discover_packages(recursive) using defaults
[0.719s] Level 1:colcon.colcon_core.package_discovery:discover_packages(ignore) discover
[0.719s] Level 1:colcon.colcon_core.package_discovery:discover_packages(ignore) using defaults
[0.719s] Level 1:colcon.colcon_core.package_discovery:discover_packages(path) discover
[0.719s] Level 1:colcon.colcon_core.package_discovery:discover_packages(path) using defaults
[0.759s] Level 1:colcon.colcon_core.package_discovery:discover_packages(prefix_path) check parameters
[0.759s] Level 1:colcon.colcon_core.package_discovery:discover_packages(prefix_path) discover
[0.761s] DEBUG:colcon.colcon_installed_package_information.package_discovery:Found 2 installed packages in /home/sarath/micronav_ws/install
[0.763s] DEBUG:colcon.colcon_installed_package_information.package_discovery:Found 270 installed packages in /opt/ros/humble
[0.764s] Level 1:colcon.colcon_core.package_discovery:discover_packages(prefix_path) using defaults
[0.829s] Level 5:colcon.colcon_core.verb:set package 'camera_controller' build argument 'cmake_args' from command line to 'None'
[0.829s] Level 5:colcon.colcon_core.verb:set package 'camera_controller' build argument 'cmake_target' from command line to 'None'
[0.829s] Level 5:colcon.colcon_core.verb:set package 'camera_controller' build argument 'cmake_target_skip_unavailable' from command line to 'False'
[0.829s] Level 5:colcon.colcon_core.verb:set package 'camera_controller' build argument 'cmake_clean_cache' from command line to 'False'
[0.829s] Level 5:colcon.colcon_core.verb:set package 'camera_controller' build argument 'cmake_clean_first' from command line to 'False'
[0.829s] Level 5:colcon.colcon_core.verb:set package 'camera_controller' build argument 'cmake_force_configure' from command line to 'False'
[0.829s] Level 5:colcon.colcon_core.verb:set package 'camera_controller' build argument 'ament_cmake_args' from command line to 'None'
[0.829s] Level 5:colcon.colcon_core.verb:set package 'camera_controller' build argument 'catkin_cmake_args' from command line to 'None'
[0.829s] Level 5:colcon.colcon_core.verb:set package 'camera_controller' build argument 'catkin_skip_building_tests' from command line to 'False'
[0.829s] DEBUG:colcon.colcon_core.verb:Building package 'camera_controller' with the following arguments: {'ament_cmake_args': None, 'build_base': '/home/sarath/micronav_ws/build/camera_controller', 'catkin_cmake_args': None, 'catkin_skip_building_tests': False, 'cmake_args': None, 'cmake_clean_cache': False, 'cmake_clean_first': False, 'cmake_force_configure': False, 'cmake_target': None, 'cmake_target_skip_unavailable': False, 'install_base': '/home/sarath/micronav_ws/install/camera_controller', 'merge_install': False, 'path': '/home/sarath/micronav_ws/src/camera_controller', 'symlink_install': False, 'test_result_base': None}
[0.830s] Level 5:colcon.colcon_core.verb:set package 'serial_controller' build argument 'cmake_args' from command line to 'None'
[0.830s] Level 5:colcon.colcon_core.verb:set package 'serial_controller' build argument 'cmake_target' from command line to 'None'
[0.830s] Level 5:colcon.colcon_core.verb:set package 'serial_controller' build argument 'cmake_target_skip_unavailable' from command line to 'False'
[0.830s] Level 5:colcon.colcon_core.verb:set package 'serial_controller' build argument 'cmake_clean_cache' from command line to 'False'
[0.830s] Level 5:colcon.colcon_core.verb:set package 'serial_controller' build argument 'cmake_clean_first' from command line to 'False'
[0.830s] Level 5:colcon.colcon_core.verb:set package 'serial_controller' build argument 'cmake_force_configure' from command line to 'False'
[0.830s] Level 5:colcon.colcon_core.verb:set package 'serial_controller' build argument 'ament_cmake_args' from command line to 'None'
[0.830s] Level 5:colcon.colcon_core.verb:set package 'serial_controller' build argument 'catkin_cmake_args' from command line to 'None'
[0.830s] Level 5:colcon.colcon_core.verb:set package 'serial_controller' build argument 'catkin_skip_building_tests' from command line to 'False'
[0.830s] DEBUG:colcon.colcon_core.verb:Building package 'serial_controller' with the following arguments: {'ament_cmake_args': None, 'build_base': '/home/sarath/micronav_ws/build/serial_controller', 'catkin_cmake_args': None, 'catkin_skip_building_tests': False, 'cmake_args': None, 'cmake_clean_cache': False, 'cmake_clean_first': False, 'cmake_force_configure': False, 'cmake_target': None, 'cmake_target_skip_unavailable': False, 'install_base': '/home/sarath/micronav_ws/install/serial_controller', 'merge_install': False, 'path': '/home/sarath/micronav_ws/src/serial_controller', 'symlink_install': False, 'test_result_base': None}
[0.830s] INFO:colcon.colcon_core.executor:Executing jobs using 'parallel' executor
[0.831s] DEBUG:colcon.colcon_parallel_executor.executor.parallel:run_until_complete
[0.832s] INFO:colcon.colcon_ros.task.ament_python.build:Building ROS package in '/home/sarath/micronav_ws/src/camera_controller' with build type 'ament_python'
[0.832s] Level 1:colcon.colcon_core.shell:create_environment_hook('camera_controller', 'ament_prefix_path')
[0.834s] INFO:colcon.colcon_core.plugin_system:Skipping extension 'colcon_core.shell.bat': Not used on non-Windows systems
[0.835s] INFO:colcon.colcon_core.shell:Creating environment hook '/home/sarath/micronav_ws/install/camera_controller/share/camera_controller/hook/ament_prefix_path.ps1'
[0.836s] INFO:colcon.colcon_core.shell:Creating environment descriptor '/home/sarath/micronav_ws/install/camera_controller/share/camera_controller/hook/ament_prefix_path.dsv'
[0.836s] INFO:colcon.colcon_core.shell:Creating environment hook '/home/sarath/micronav_ws/install/camera_controller/share/camera_controller/hook/ament_prefix_path.sh'
[0.837s] INFO:colcon.colcon_core.shell:Skip shell extension 'powershell' for command environment: Not usable outside of PowerShell
[0.837s] DEBUG:colcon.colcon_core.shell:Skip shell extension 'dsv' for command environment
[0.842s] INFO:colcon.colcon_ros.task.ament_python.build:Building ROS package in '/home/sarath/micronav_ws/src/serial_controller' with build type 'ament_python'
[0.842s] Level 1:colcon.colcon_core.shell:create_environment_hook('serial_controller', 'ament_prefix_path')
[0.843s] INFO:colcon.colcon_core.shell:Creating environment hook '/home/sarath/micronav_ws/install/serial_controller/share/serial_controller/hook/ament_prefix_path.ps1'
[0.845s] INFO:colcon.colcon_core.shell:Creating environment descriptor '/home/sarath/micronav_ws/install/serial_controller/share/serial_controller/hook/ament_prefix_path.dsv'
[0.845s] INFO:colcon.colcon_core.shell:Creating environment hook '/home/sarath/micronav_ws/install/serial_controller/share/serial_controller/hook/ament_prefix_path.sh'
[0.846s] INFO:colcon.colcon_core.shell:Skip shell extension 'powershell' for command environment: Not usable outside of PowerShell
[0.846s] DEBUG:colcon.colcon_core.shell:Skip shell extension 'dsv' for command environment
[1.134s] INFO:colcon.colcon_core.task.python.build:Building Python package in '/home/sarath/micronav_ws/src/camera_controller'
[1.134s] INFO:colcon.colcon_core.shell:Skip shell extension 'powershell' for command environment: Not usable outside of PowerShell
[1.134s] DEBUG:colcon.colcon_core.shell:Skip shell extension 'dsv' for command environment
[1.412s] INFO:colcon.colcon_core.task.python.build:Building Python package in '/home/sarath/micronav_ws/src/serial_controller'
[1.412s] INFO:colcon.colcon_core.shell:Skip shell extension 'powershell' for command environment: Not usable outside of PowerShell
[1.412s] DEBUG:colcon.colcon_core.shell:Skip shell extension 'dsv' for command environment
[1.772s] DEBUG:colcon.colcon_core.event_handler.log_command:Invoking command in '/home/sarath/micronav_ws/src/serial_controller': PYTHONPATH=/home/sarath/micronav_ws/build/serial_controller/prefix_override:/home/sarath/micronav_ws/install/serial_controller/lib/python3.10/site-packages:${PYTHONPATH} /usr/bin/python3 -W ignore:setup.py install is deprecated setup.py egg_info --egg-base ../../build/serial_controller build --build-base /home/sarath/micronav_ws/build/serial_controller/build install --record /home/sarath/micronav_ws/build/serial_controller/install.log --single-version-externally-managed install_data
[1.786s] DEBUG:colcon.colcon_core.event_handler.log_command:Invoking command in '/home/sarath/micronav_ws/src/camera_controller': PYTHONPATH=/home/sarath/micronav_ws/build/camera_controller/prefix_override:/home/sarath/micronav_ws/install/camera_controller/lib/python3.10/site-packages:${PYTHONPATH} /usr/bin/python3 -W ignore:setup.py install is deprecated setup.py egg_info --egg-base ../../build/camera_controller build --build-base /home/sarath/micronav_ws/build/camera_controller/build install --record /home/sarath/micronav_ws/build/camera_controller/install.log --single-version-externally-managed install_data
[2.074s] DEBUG:colcon.colcon_core.event_handler.log_command:Invoked command in '/home/sarath/micronav_ws/src/serial_controller' returned '0': PYTHONPATH=/home/sarath/micronav_ws/build/serial_controller/prefix_override:/home/sarath/micronav_ws/install/serial_controller/lib/python3.10/site-packages:${PYTHONPATH} /usr/bin/python3 -W ignore:setup.py install is deprecated setup.py egg_info --egg-base ../../build/serial_controller build --build-base /home/sarath/micronav_ws/build/serial_controller/build install --record /home/sarath/micronav_ws/build/serial_controller/install.log --single-version-externally-managed install_data
[2.076s] Level 1:colcon.colcon_core.environment:checking '/home/sarath/micronav_ws/install/serial_controller' for CMake module files
[2.077s] Level 1:colcon.colcon_core.environment:checking '/home/sarath/micronav_ws/install/serial_controller' for CMake config files
[2.077s] Level 1:colcon.colcon_core.environment:checking '/home/sarath/micronav_ws/install/serial_controller/lib'
[2.077s] Level 1:colcon.colcon_core.environment:checking '/home/sarath/micronav_ws/install/serial_controller/bin'
[2.077s] Level 1:colcon.colcon_core.environment:checking '/home/sarath/micronav_ws/install/serial_controller/lib/pkgconfig/serial_controller.pc'
[2.078s] Level 1:colcon.colcon_core.environment:checking '/home/sarath/micronav_ws/install/serial_controller/lib/python3.10/site-packages'
[2.078s] Level 1:colcon.colcon_core.shell:create_environment_hook('serial_controller', 'pythonpath')
[2.078s] INFO:colcon.colcon_core.shell:Creating environment hook '/home/sarath/micronav_ws/install/serial_controller/share/serial_controller/hook/pythonpath.ps1'
[2.078s] INFO:colcon.colcon_core.shell:Creating environment descriptor '/home/sarath/micronav_ws/install/serial_controller/share/serial_controller/hook/pythonpath.dsv'
[2.078s] INFO:colcon.colcon_core.shell:Creating environment hook '/home/sarath/micronav_ws/install/serial_controller/share/serial_controller/hook/pythonpath.sh'
[2.079s] Level 1:colcon.colcon_core.environment:checking '/home/sarath/micronav_ws/install/serial_controller/bin'
[2.079s] Level 1:colcon.colcon_core.environment:create_environment_scripts_only(serial_controller)
[2.079s] INFO:colcon.colcon_core.shell:Creating package script '/home/sarath/micronav_ws/install/serial_controller/share/serial_controller/package.ps1'
[2.080s] INFO:colcon.colcon_core.shell:Creating package descriptor '/home/sarath/micronav_ws/install/serial_controller/share/serial_controller/package.dsv'
[2.081s] INFO:colcon.colcon_core.shell:Creating package script '/home/sarath/micronav_ws/install/serial_controller/share/serial_controller/package.sh'
[2.081s] INFO:colcon.colcon_core.shell:Creating package script '/home/sarath/micronav_ws/install/serial_controller/share/serial_controller/package.bash'
[2.082s] INFO:colcon.colcon_core.shell:Creating package script '/home/sarath/micronav_ws/install/serial_controller/share/serial_controller/package.zsh'
[2.083s] Level 1:colcon.colcon_core.environment:create_file_with_runtime_dependencies(/home/sarath/micronav_ws/install/serial_controller/share/colcon-core/packages/serial_controller)
[2.092s] Level 1:colcon.colcon_core.environment:checking '/home/sarath/micronav_ws/install/camera_controller' for CMake module files
[2.092s] DEBUG:colcon.colcon_core.event_handler.log_command:Invoked command in '/home/sarath/micronav_ws/src/camera_controller' returned '0': PYTHONPATH=/home/sarath/micronav_ws/build/camera_controller/prefix_override:/home/sarath/micronav_ws/install/camera_controller/lib/python3.10/site-packages:${PYTHONPATH} /usr/bin/python3 -W ignore:setup.py install is deprecated setup.py egg_info --egg-base ../../build/camera_controller build --build-base /home/sarath/micronav_ws/build/camera_controller/build install --record /home/sarath/micronav_ws/build/camera_controller/install.log --single-version-externally-managed install_data
[2.093s] Level 1:colcon.colcon_core.environment:checking '/home/sarath/micronav_ws/install/camera_controller' for CMake config files
[2.093s] Level 1:colcon.colcon_core.environment:checking '/home/sarath/micronav_ws/install/camera_controller/lib'
[2.093s] Level 1:colcon.colcon_core.environment:checking '/home/sarath/micronav_ws/install/camera_controller/bin'
[2.093s] Level 1:colcon.colcon_core.environment:checking '/home/sarath/micronav_ws/install/camera_controller/lib/pkgconfig/camera_controller.pc'
[2.094s] Level 1:colcon.colcon_core.environment:checking '/home/sarath/micronav_ws/install/camera_controller/lib/python3.10/site-packages'
[2.094s] Level 1:colcon.colcon_core.shell:create_environment_hook('camera_controller', 'pythonpath')
[2.094s] INFO:colcon.colcon_core.shell:Creating environment hook '/home/sarath/micronav_ws/install/camera_controller/share/camera_controller/hook/pythonpath.ps1'
[2.095s] INFO:colcon.colcon_core.shell:Creating environment descriptor '/home/sarath/micronav_ws/install/camera_controller/share/camera_controller/hook/pythonpath.dsv'
[2.095s] INFO:colcon.colcon_core.shell:Creating environment hook '/home/sarath/micronav_ws/install/camera_controller/share/camera_controller/hook/pythonpath.sh'
[2.095s] Level 1:colcon.colcon_core.environment:checking '/home/sarath/micronav_ws/install/camera_controller/bin'
[2.095s] Level 1:colcon.colcon_core.environment:create_environment_scripts_only(camera_controller)
[2.096s] INFO:colcon.colcon_core.shell:Creating package script '/home/sarath/micronav_ws/install/camera_controller/share/camera_controller/package.ps1'
[2.096s] INFO:colcon.colcon_core.shell:Creating package descriptor '/home/sarath/micronav_ws/install/camera_controller/share/camera_controller/package.dsv'
[2.097s] INFO:colcon.colcon_core.shell:Creating package script '/home/sarath/micronav_ws/install/camera_controller/share/camera_controller/package.sh'
[2.097s] INFO:colcon.colcon_core.shell:Creating package script '/home/sarath/micronav_ws/install/camera_controller/share/camera_controller/package.bash'
[2.098s] INFO:colcon.colcon_core.shell:Creating package script '/home/sarath/micronav_ws/install/camera_controller/share/camera_controller/package.zsh'
[2.098s] Level 1:colcon.colcon_core.environment:create_file_with_runtime_dependencies(/home/sarath/micronav_ws/install/camera_controller/share/colcon-core/packages/camera_controller)
[2.098s] DEBUG:colcon.colcon_parallel_executor.executor.parallel:closing loop
[2.099s] DEBUG:colcon.colcon_parallel_executor.executor.parallel:loop closed
[2.099s] DEBUG:colcon.colcon_parallel_executor.executor.parallel:run_until_complete finished with '0'
[2.099s] DEBUG:colcon.colcon_core.event_reactor:joining thread
[2.227s] INFO:colcon.colcon_core.plugin_system:Skipping extension 'colcon_notification.desktop_notification.notify_send': Could not find 'notify-send'
[2.228s] INFO:colcon.colcon_core.plugin_system:Skipping extension 'colcon_notification.desktop_notification.terminal_notifier': Not used on non-Darwin systems
[2.228s] INFO:colcon.colcon_core.plugin_system:Skipping extension 'colcon_notification.desktop_notification.win32': Not used on non-Windows systems
[2.228s] INFO:colcon.colcon_notification.desktop_notification:Sending desktop notification using 'notify2'
[2.228s] DEBUG:colcon.colcon_notification.desktop_notification.notify2:Failed to initialize notify2: org.freedesktop.DBus.Error.FileNotFound: Failed to connect to socket /run/user/1000/bus: No such file or directory
[2.228s] DEBUG:colcon.colcon_core.event_reactor:joined thread
[2.229s] INFO:colcon.colcon_core.shell:Creating prefix script '/home/sarath/micronav_ws/install/local_setup.ps1'
[2.229s] INFO:colcon.colcon_core.shell:Creating prefix util module '/home/sarath/micronav_ws/install/_local_setup_util_ps1.py'
[2.230s] INFO:colcon.colcon_core.shell:Creating prefix chain script '/home/sarath/micronav_ws/install/setup.ps1'
[2.231s] INFO:colcon.colcon_core.shell:Creating prefix script '/home/sarath/micronav_ws/install/local_setup.sh'
[2.232s] INFO:colcon.colcon_core.shell:Creating prefix util module '/home/sarath/micronav_ws/install/_local_setup_util_sh.py'
[2.232s] INFO:colcon.colcon_core.shell:Creating prefix chain script '/home/sarath/micronav_ws/install/setup.sh'
[2.233s] INFO:colcon.colcon_core.shell:Creating prefix script '/home/sarath/micronav_ws/install/local_setup.bash'
[2.233s] INFO:colcon.colcon_core.shell:Creating prefix chain script '/home/sarath/micronav_ws/install/setup.bash'
[2.234s] INFO:colcon.colcon_core.shell:Creating prefix script '/home/sarath/micronav_ws/install/local_setup.zsh'
[2.234s] INFO:colcon.colcon_core.shell:Creating prefix chain script '/home/sarath/micronav_ws/install/setup.zsh'
