[1.053s] Invoking command in '/home/sarath/micronav_ws/src/camera_controller': PYTHONPATH=/home/sarath/micronav_ws/build/camera_controller/prefix_override:/home/sarath/micronav_ws/install/camera_controller/lib/python3.10/site-packages:${PYTHONPATH} /usr/bin/python3 -W ignore:setup.py install is deprecated setup.py egg_info --egg-base ../../build/camera_controller build --build-base /home/sarath/micronav_ws/build/camera_controller/build install --record /home/sarath/micronav_ws/build/camera_controller/install.log --single-version-externally-managed install_data
[1.620s] running egg_info
[1.622s] writing ../../build/camera_controller/camera_controller.egg-info/PKG-INFO
[1.623s] writing dependency_links to ../../build/camera_controller/camera_controller.egg-info/dependency_links.txt
[1.624s] writing entry points to ../../build/camera_controller/camera_controller.egg-info/entry_points.txt
[1.624s] writing requirements to ../../build/camera_controller/camera_controller.egg-info/requires.txt
[1.625s] writing top-level names to ../../build/camera_controller/camera_controller.egg-info/top_level.txt
[1.630s] reading manifest file '../../build/camera_controller/camera_controller.egg-info/SOURCES.txt'
[1.631s] writing manifest file '../../build/camera_controller/camera_controller.egg-info/SOURCES.txt'
[1.632s] running build
[1.632s] running build_py
[1.632s] running install
[1.633s] running install_lib
[1.635s] running install_data
[1.635s] running install_egg_info
[1.639s] removing '/home/sarath/micronav_ws/install/camera_controller/lib/python3.10/site-packages/camera_controller-0.0.0-py3.10.egg-info' (and everything under it)
[1.640s] Copying ../../build/camera_controller/camera_controller.egg-info to /home/sarath/micronav_ws/install/camera_controller/lib/python3.10/site-packages/camera_controller-0.0.0-py3.10.egg-info
[1.641s] running install_scripts
[1.703s] writing list of installed files to '/home/sarath/micronav_ws/build/camera_controller/install.log'
[1.752s] Invoked command in '/home/sarath/micronav_ws/src/camera_controller' returned '0': PYTHONPATH=/home/sarath/micronav_ws/build/camera_controller/prefix_override:/home/sarath/micronav_ws/install/camera_controller/lib/python3.10/site-packages:${PYTHONPATH} /usr/bin/python3 -W ignore:setup.py install is deprecated setup.py egg_info --egg-base ../../build/camera_controller build --build-base /home/sarath/micronav_ws/build/camera_controller/build install --record /home/sarath/micronav_ws/build/camera_controller/install.log --single-version-externally-managed install_data
