[1.081s] Invoking command in '/home/sarath/micronav_ws/src/serial_controller': PYTHONPATH=/home/sarath/micronav_ws/build/serial_controller/prefix_override:/home/sarath/micronav_ws/install/serial_controller/lib/python3.10/site-packages:${PYTHONPATH} /usr/bin/python3 -W ignore:setup.py install is deprecated setup.py egg_info --egg-base ../../build/serial_controller build --build-base /home/sarath/micronav_ws/build/serial_controller/build install --record /home/sarath/micronav_ws/build/serial_controller/install.log --single-version-externally-managed install_data
[1.347s] running egg_info
[1.348s] writing ../../build/serial_controller/serial_controller.egg-info/PKG-INFO
[1.348s] writing dependency_links to ../../build/serial_controller/serial_controller.egg-info/dependency_links.txt
[1.349s] writing entry points to ../../build/serial_controller/serial_controller.egg-info/entry_points.txt
[1.349s] writing requirements to ../../build/serial_controller/serial_controller.egg-info/requires.txt
[1.349s] writing top-level names to ../../build/serial_controller/serial_controller.egg-info/top_level.txt
[1.352s] reading manifest file '../../build/serial_controller/serial_controller.egg-info/SOURCES.txt'
[1.353s] writing manifest file '../../build/serial_controller/serial_controller.egg-info/SOURCES.txt'
[1.353s] running build
[1.353s] running build_py
[1.353s] copying serial_controller/subscriber_member_function.py -> /home/sarath/micronav_ws/build/serial_controller/build/lib/serial_controller
[1.354s] running install
[1.354s] running install_lib
[1.355s] copying /home/sarath/micronav_ws/build/serial_controller/build/lib/serial_controller/subscriber_member_function.py -> /home/sarath/micronav_ws/install/serial_controller/lib/python3.10/site-packages/serial_controller
[1.355s] byte-compiling /home/sarath/micronav_ws/install/serial_controller/lib/python3.10/site-packages/serial_controller/subscriber_member_function.py to subscriber_member_function.cpython-310.pyc
[1.356s] running install_data
[1.356s] running install_egg_info
[1.359s] removing '/home/sarath/micronav_ws/install/serial_controller/lib/python3.10/site-packages/serial_controller-0.0.0-py3.10.egg-info' (and everything under it)
[1.359s] Copying ../../build/serial_controller/serial_controller.egg-info to /home/sarath/micronav_ws/install/serial_controller/lib/python3.10/site-packages/serial_controller-0.0.0-py3.10.egg-info
[1.360s] running install_scripts
[1.387s] Installing serilcom script to /home/sarath/micronav_ws/install/serial_controller/lib/serial_controller
[1.387s] writing list of installed files to '/home/sarath/micronav_ws/build/serial_controller/install.log'
[1.423s] Invoked command in '/home/sarath/micronav_ws/src/serial_controller' returned '0': PYTHONPATH=/home/sarath/micronav_ws/build/serial_controller/prefix_override:/home/sarath/micronav_ws/install/serial_controller/lib/python3.10/site-packages:${PYTHONPATH} /usr/bin/python3 -W ignore:setup.py install is deprecated setup.py egg_info --egg-base ../../build/serial_controller build --build-base /home/sarath/micronav_ws/build/serial_controller/build install --record /home/sarath/micronav_ws/build/serial_controller/install.log --single-version-externally-managed install_data
