[1.058s] Invoking command in '/home/sarath/micronav_ws/src/camera_controller': PYTHONPATH=/home/sarath/micronav_ws/build/camera_controller/prefix_override:/home/sarath/micronav_ws/install/camera_controller/lib/python3.10/site-packages: /usr/bin/python3 -W ignore:setup.py install is deprecated setup.py egg_info --egg-base ../../build/camera_controller build --build-base /home/sarath/micronav_ws/build/camera_controller/build install --record /home/sarath/micronav_ws/build/camera_controller/install.log --single-version-externally-managed install_data
[1.285s] running egg_info
[1.286s] writing ../../build/camera_controller/camera_controller.egg-info/PKG-INFO
[1.303s] writing dependency_links to ../../build/camera_controller/camera_controller.egg-info/dependency_links.txt
[1.303s] writing entry points to ../../build/camera_controller/camera_controller.egg-info/entry_points.txt
[1.304s] writing requirements to ../../build/camera_controller/camera_controller.egg-info/requires.txt
[1.305s] writing top-level names to ../../build/camera_controller/camera_controller.egg-info/top_level.txt
[1.305s] reading manifest file '../../build/camera_controller/camera_controller.egg-info/SOURCES.txt'
[1.307s] writing manifest file '../../build/camera_controller/camera_controller.egg-info/SOURCES.txt'
[1.307s] running build
[1.307s] running build_py
[1.309s] running install
[1.309s] running install_lib
[1.311s] running install_data
[1.312s] running install_egg_info
[1.315s] removing '/home/sarath/micronav_ws/install/camera_controller/lib/python3.10/site-packages/camera_controller-0.0.0-py3.10.egg-info' (and everything under it)
[1.315s] Copying ../../build/camera_controller/camera_controller.egg-info to /home/sarath/micronav_ws/install/camera_controller/lib/python3.10/site-packages/camera_controller-0.0.0-py3.10.egg-info
[1.317s] running install_scripts
[1.336s] writing list of installed files to '/home/sarath/micronav_ws/build/camera_controller/install.log'
[1.364s] Invoked command in '/home/sarath/micronav_ws/src/camera_controller' returned '0': PYTHONPATH=/home/sarath/micronav_ws/build/camera_controller/prefix_override:/home/sarath/micronav_ws/install/camera_controller/lib/python3.10/site-packages: /usr/bin/python3 -W ignore:setup.py install is deprecated setup.py egg_info --egg-base ../../build/camera_controller build --build-base /home/sarath/micronav_ws/build/camera_controller/build install --record /home/sarath/micronav_ws/build/camera_controller/install.log --single-version-externally-managed install_data
