[0.962s] Invoking command in '/home/sarath/micronav_ws/src/camera_controller': PYTHONPATH=/home/sarath/micronav_ws/build/camera_controller/prefix_override:/home/sarath/micronav_ws/install/camera_controller/lib/python3.10/site-packages:${PYTHONPATH} /usr/bin/python3 -W ignore:setup.py install is deprecated setup.py egg_info --egg-base ../../build/camera_controller build --build-base /home/sarath/micronav_ws/build/camera_controller/build install --record /home/sarath/micronav_ws/build/camera_controller/install.log --single-version-externally-managed install_data
[1.186s] running egg_info
[1.186s] writing ../../build/camera_controller/camera_controller.egg-info/PKG-INFO
[1.187s] writing dependency_links to ../../build/camera_controller/camera_controller.egg-info/dependency_links.txt
[1.187s] writing entry points to ../../build/camera_controller/camera_controller.egg-info/entry_points.txt
[1.187s] writing requirements to ../../build/camera_controller/camera_controller.egg-info/requires.txt
[1.188s] writing top-level names to ../../build/camera_controller/camera_controller.egg-info/top_level.txt
[1.189s] reading manifest file '../../build/camera_controller/camera_controller.egg-info/SOURCES.txt'
[1.190s] writing manifest file '../../build/camera_controller/camera_controller.egg-info/SOURCES.txt'
[1.191s] running build
[1.191s] running build_py
[1.191s] running install
[1.191s] running install_lib
[1.192s] running install_data
[1.193s] running install_egg_info
[1.195s] removing '/home/sarath/micronav_ws/install/camera_controller/lib/python3.10/site-packages/camera_controller-0.0.0-py3.10.egg-info' (and everything under it)
[1.195s] Copying ../../build/camera_controller/camera_controller.egg-info to /home/sarath/micronav_ws/install/camera_controller/lib/python3.10/site-packages/camera_controller-0.0.0-py3.10.egg-info
[1.196s] running install_scripts
[1.219s] writing list of installed files to '/home/sarath/micronav_ws/build/camera_controller/install.log'
[1.246s] Invoked command in '/home/sarath/micronav_ws/src/camera_controller' returned '0': PYTHONPATH=/home/sarath/micronav_ws/build/camera_controller/prefix_override:/home/sarath/micronav_ws/install/camera_controller/lib/python3.10/site-packages:${PYTHONPATH} /usr/bin/python3 -W ignore:setup.py install is deprecated setup.py egg_info --egg-base ../../build/camera_controller build --build-base /home/sarath/micronav_ws/build/camera_controller/build install --record /home/sarath/micronav_ws/build/camera_controller/install.log --single-version-externally-managed install_data
